<?xml version="1.0" encoding="UTF-8"?>
<!-- Generated by org.testng.reporters.JUnitReportReporter -->
<testsuite hostname="DESKTOP-O9K0S7S" failures="0" tests="2" name="com.opencart.testCases.LoginTest" time="9.962" errors="0" timestamp="2024-06-17T20:20:59 IST" skipped="0">
  <testcase classname="com.opencart.testCases.LoginTest" name="verifyLoginTestWithInvalidDetails" time="5.355"/>
  <testcase classname="com.opencart.testCases.LoginTest" name="verifyLoginTestWithValidDetails" time="4.607"/>
</testsuite> <!-- com.opencart.testCases.LoginTest -->
