<?xml version="1.0" encoding="UTF-8"?>
<!-- Generated by org.testng.reporters.JUnitReportReporter -->
<testsuite hostname="DESKTOP-O9K0S7S" failures="0" tests="4" name="com.opencart.testCases.AddressTest" time="25.528" errors="0" timestamp="17 Jun 2024 18:41:19 GMT" skipped="0">
  <testcase classname="com.opencart.testCases.AddressTest" name="verifyAddressTestWithValidDetails" time="7.913"/>
  <testcase classname="com.opencart.testCases.AddressTest" name="verifyAddressTestByDeletingExisitngAddress" time="5.476"/>
  <testcase classname="com.opencart.testCases.AddressTest" name="verifyAddressTestByDeletingNewAddress" time="5.693"/>
  <testcase classname="com.opencart.testCases.AddressTest" name="verifyAddressTestByeditingExisitngAddress" time="6.446"/>
</testsuite> <!-- com.opencart.testCases.AddressTest -->
