<?xml version="1.0" encoding="UTF-8"?>
<!-- Generated by org.testng.reporters.JUnitReportReporter -->
<testsuite hostname="DESKTOP-O9K0S7S" failures="0" tests="2" name="com.opencart.testCases.LoginTest" time="10.215" errors="0" timestamp="17 Jun 2024 18:41:19 GMT" skipped="0">
  <testcase classname="com.opencart.testCases.LoginTest" name="verifyLoginTestWithValidDetails" time="4.846"/>
  <testcase classname="com.opencart.testCases.LoginTest" name="verifyLoginTestWithInvalidDetails" time="5.369"/>
</testsuite> <!-- com.opencart.testCases.LoginTest -->
